<?xml version="1.0" encoding="UTF-8" ?>
<testsuite tests="1" failures="0" name="TestSuite" time="87.886" errors="0" skipped="0">
  <properties>
    <property name="java.runtime.name" value="Java(TM) SE Runtime Environment"/>
    <property name="sun.boot.library.path" value="/Users/jnoronha/.jenkins/tools/hudson.model.JDK/jre/lib"/>
    <property name="java.vm.version" value="25.162-b12"/>
    <property name="gopherProxySet" value="false"/>
    <property name="java.vm.vendor" value="Oracle Corporation"/>
    <property name="java.vendor.url" value="http://java.oracle.com/"/>
    <property name="path.separator" value=":"/>
    <property name="java.vm.name" value="Java HotSpot(TM) 64-Bit Server VM"/>
    <property name="file.encoding.pkg" value="sun.io"/>
    <property name="user.country" value="US"/>
    <property name="sun.java.launcher" value="SUN_STANDARD"/>
    <property name="sun.os.patch.level" value="unknown"/>
    <property name="java.vm.specification.name" value="Java Virtual Machine Specification"/>
    <property name="user.dir" value="/Users/jnoronha/Documents/FieldableAutomation"/>
    <property name="java.runtime.version" value="1.8.0_162-b12"/>
    <property name="java.awt.graphicsenv" value="sun.awt.CGraphicsEnvironment"/>
    <property name="basedir" value="/Users/jnoronha/Documents/FieldableAutomation"/>
    <property name="java.endorsed.dirs" value="/Users/jnoronha/.jenkins/tools/hudson.model.JDK/jre/lib/endorsed"/>
    <property name="os.arch" value="x86_64"/>
    <property name="surefire.real.class.path" value="/var/folders/vw/5j32wvtx2s90_y_6jy2yjjcc0000gq/T/surefirebooter1863100569473488838.jar"/>
    <property name="java.io.tmpdir" value="/var/folders/vw/5j32wvtx2s90_y_6jy2yjjcc0000gq/T/"/>
    <property name="line.separator" value="
"/>
    <property name="java.vm.specification.vendor" value="Oracle Corporation"/>
    <property name="os.name" value="Mac OS X"/>
    <property name="sun.jnu.encoding" value="UTF-8"/>
    <property name="java.library.path" value="/Users/jnoronha/Library/Java/Extensions:/Library/Java/Extensions:/Network/Library/Java/Extensions:/System/Library/Java/Extensions:/usr/lib/java:."/>
    <property name="surefire.test.class.path" value="/Users/jnoronha/Documents/FieldableAutomation/target/test-classes:/Users/jnoronha/Documents/FieldableAutomation/target/classes:/Users/jnoronha/.m2/repository/junit/junit/4.11/junit-4.11.jar:/Users/jnoronha/.m2/repository/org/hamcrest/hamcrest-core/1.3/hamcrest-core-1.3.jar:/Users/jnoronha/.m2/repository/joda-time/joda-time/2.2/joda-time-2.2.jar:/Users/jnoronha/.m2/repository/com/googlecode/json-simple/json-simple/1.1.1/json-simple-1.1.1.jar:/Users/jnoronha/.m2/repository/commons-lang/commons-lang/2.6/commons-lang-2.6.jar:/Users/jnoronha/.m2/repository/com/google/code/gson/gson/2.2.4/gson-2.2.4.jar:/Users/jnoronha/.m2/repository/io/appium/java-client/3.4.1/java-client-3.4.1.jar:/Users/jnoronha/.m2/repository/org/apache/httpcomponents/httpclient/4.5.2/httpclient-4.5.2.jar:/Users/jnoronha/.m2/repository/org/apache/httpcomponents/httpcore/4.4.4/httpcore-4.4.4.jar:/Users/jnoronha/.m2/repository/cglib/cglib/3.2.1/cglib-3.2.1.jar:/Users/jnoronha/.m2/repository/org/ow2/asm/asm/5.0.3/asm-5.0.3.jar:/Users/jnoronha/.m2/repository/org/apache/ant/ant/1.9.4/ant-1.9.4.jar:/Users/jnoronha/.m2/repository/org/apache/ant/ant-launcher/1.9.4/ant-launcher-1.9.4.jar:/Users/jnoronha/.m2/repository/commons-validator/commons-validator/1.5.0/commons-validator-1.5.0.jar:/Users/jnoronha/.m2/repository/commons-digester/commons-digester/1.8.1/commons-digester-1.8.1.jar:/Users/jnoronha/.m2/repository/org/apache/commons/commons-lang3/3.4/commons-lang3-3.4.jar:/Users/jnoronha/.m2/repository/com/jayway/restassured/rest-assured/2.3.4/rest-assured-2.3.4.jar:/Users/jnoronha/.m2/repository/org/codehaus/groovy/groovy/2.3.6/groovy-2.3.6.jar:/Users/jnoronha/.m2/repository/org/codehaus/groovy/groovy-xml/2.3.6/groovy-xml-2.3.6.jar:/Users/jnoronha/.m2/repository/org/apache/httpcomponents/httpmime/4.3.5/httpmime-4.3.5.jar:/Users/jnoronha/.m2/repository/org/hamcrest/hamcrest-library/1.3/hamcrest-library-1.3.jar:/Users/jnoronha/.m2/repository/org/ccil/cowan/tagsoup/tagsoup/1.2.1/tagsoup-1.2.1.jar:/Users/jnoronha/.m2/repository/com/jayway/restassured/json-path/2.3.4/json-path-2.3.4.jar:/Users/jnoronha/.m2/repository/org/codehaus/groovy/groovy-json/2.3.6/groovy-json-2.3.6.jar:/Users/jnoronha/.m2/repository/com/jayway/restassured/rest-assured-common/2.3.4/rest-assured-common-2.3.4.jar:/Users/jnoronha/.m2/repository/com/jayway/restassured/xml-path/2.3.4/xml-path-2.3.4.jar:/Users/jnoronha/.m2/repository/org/codehaus/groovy/groovy-all/2.3.5/groovy-all-2.3.5.jar:/Users/jnoronha/.m2/repository/org/json/json/20090211/json-20090211.jar:/Users/jnoronha/.m2/repository/commons-beanutils/commons-beanutils/1.9.2/commons-beanutils-1.9.2.jar:/Users/jnoronha/.m2/repository/commons-logging/commons-logging/1.1.1/commons-logging-1.1.1.jar:/Users/jnoronha/.m2/repository/com/google/guava/guava/17.0/guava-17.0.jar:/Users/jnoronha/.m2/repository/org/eclipse/jgit/org.eclipse.jgit/4.3.0.201604071810-r/org.eclipse.jgit-4.3.0.201604071810-r.jar:/Users/jnoronha/.m2/repository/com/jcraft/jsch/0.1.53/jsch-0.1.53.jar:/Users/jnoronha/.m2/repository/com/googlecode/javaewah/JavaEWAH/0.7.9/JavaEWAH-0.7.9.jar:/Users/jnoronha/.m2/repository/org/slf4j/slf4j-api/1.7.2/slf4j-api-1.7.2.jar:/Users/jnoronha/.m2/repository/com/fasterxml/jackson/core/jackson-databind/2.3.0/jackson-databind-2.3.0.jar:/Users/jnoronha/.m2/repository/com/fasterxml/jackson/core/jackson-annotations/2.3.0/jackson-annotations-2.3.0.jar:/Users/jnoronha/.m2/repository/com/fasterxml/jackson/core/jackson-core/2.3.0/jackson-core-2.3.0.jar:/Users/jnoronha/.m2/repository/net/sourceforge/htmlunit/htmlunit/2.15/htmlunit-2.15.jar:/Users/jnoronha/.m2/repository/xalan/xalan/2.7.1/xalan-2.7.1.jar:/Users/jnoronha/.m2/repository/xalan/serializer/2.7.1/serializer-2.7.1.jar:/Users/jnoronha/.m2/repository/commons-codec/commons-codec/1.9/commons-codec-1.9.jar:/Users/jnoronha/.m2/repository/net/sourceforge/htmlunit/htmlunit-core-js/2.15/htmlunit-core-js-2.15.jar:/Users/jnoronha/.m2/repository/xerces/xercesImpl/2.11.0/xercesImpl-2.11.0.jar:/Users/jnoronha/.m2/repository/xml-apis/xml-apis/1.4.01/xml-apis-1.4.01.jar:/Users/jnoronha/.m2/repository/net/sourceforge/nekohtml/nekohtml/1.9.21/nekohtml-1.9.21.jar:/Users/jnoronha/.m2/repository/net/sourceforge/cssparser/cssparser/0.9.14/cssparser-0.9.14.jar:/Users/jnoronha/.m2/repository/org/w3c/css/sac/1.3/sac-1.3.jar:/Users/jnoronha/.m2/repository/commons-io/commons-io/2.4/commons-io-2.4.jar:/Users/jnoronha/.m2/repository/org/eclipse/jetty/jetty-websocket/8.1.15.v20140411/jetty-websocket-8.1.15.v20140411.jar:/Users/jnoronha/.m2/repository/org/eclipse/jetty/jetty-util/8.1.15.v20140411/jetty-util-8.1.15.v20140411.jar:/Users/jnoronha/.m2/repository/org/eclipse/jetty/jetty-io/8.1.15.v20140411/jetty-io-8.1.15.v20140411.jar:/Users/jnoronha/.m2/repository/org/eclipse/jetty/jetty-http/8.1.15.v20140411/jetty-http-8.1.15.v20140411.jar:/Users/jnoronha/.m2/repository/javax/json/javax.json-api/1.0/javax.json-api-1.0.jar:/Users/jnoronha/.m2/repository/com/relevantcodes/extentreports/2.41.1/extentreports-2.41.1.jar:/Users/jnoronha/.m2/repository/org/jsoup/jsoup/1.8.3/jsoup-1.8.3.jar:/Users/jnoronha/.m2/repository/org/xerial/sqlite-jdbc/3.8.11.1/sqlite-jdbc-3.8.11.1.jar:/Users/jnoronha/.m2/repository/org/freemarker/freemarker/2.3.23/freemarker-2.3.23.jar:/Users/jnoronha/.m2/repository/org/mongodb/mongodb-driver/3.0.4/mongodb-driver-3.0.4.jar:/Users/jnoronha/.m2/repository/org/mongodb/bson/3.0.4/bson-3.0.4.jar:/Users/jnoronha/.m2/repository/org/mongodb/mongodb-driver-core/3.0.4/mongodb-driver-core-3.0.4.jar:/Users/jnoronha/.m2/repository/net/sourceforge/javacsv/javacsv/2.0/javacsv-2.0.jar:/Users/jnoronha/.m2/repository/org/apache/commons/commons-configuration2/2.1/commons-configuration2-2.1.jar:/Users/jnoronha/.m2/repository/commons-configuration/commons-configuration/1.10/commons-configuration-1.10.jar:/Users/jnoronha/.m2/repository/commons-collections/commons-collections/3.2.1/commons-collections-3.2.1.jar:/Users/jnoronha/.m2/repository/org/seleniumhq/selenium/selenium-java/2.48.2/selenium-java-2.48.2.jar:/Users/jnoronha/.m2/repository/org/seleniumhq/selenium/selenium-chrome-driver/2.48.2/selenium-chrome-driver-2.48.2.jar:/Users/jnoronha/.m2/repository/org/seleniumhq/selenium/selenium-remote-driver/2.48.2/selenium-remote-driver-2.48.2.jar:/Users/jnoronha/.m2/repository/cglib/cglib-nodep/2.1_3/cglib-nodep-2.1_3.jar:/Users/jnoronha/.m2/repository/org/seleniumhq/selenium/selenium-api/2.48.2/selenium-api-2.48.2.jar:/Users/jnoronha/.m2/repository/org/seleniumhq/selenium/selenium-edge-driver/2.48.2/selenium-edge-driver-2.48.2.jar:/Users/jnoronha/.m2/repository/org/apache/commons/commons-exec/1.3/commons-exec-1.3.jar:/Users/jnoronha/.m2/repository/org/seleniumhq/selenium/selenium-htmlunit-driver/2.48.2/selenium-htmlunit-driver-2.48.2.jar:/Users/jnoronha/.m2/repository/org/seleniumhq/selenium/selenium-firefox-driver/2.48.2/selenium-firefox-driver-2.48.2.jar:/Users/jnoronha/.m2/repository/org/seleniumhq/selenium/selenium-ie-driver/2.48.2/selenium-ie-driver-2.48.2.jar:/Users/jnoronha/.m2/repository/net/java/dev/jna/jna/4.1.0/jna-4.1.0.jar:/Users/jnoronha/.m2/repository/net/java/dev/jna/jna-platform/4.1.0/jna-platform-4.1.0.jar:/Users/jnoronha/.m2/repository/org/seleniumhq/selenium/selenium-safari-driver/2.48.2/selenium-safari-driver-2.48.2.jar:/Users/jnoronha/.m2/repository/org/seleniumhq/selenium/selenium-support/2.48.2/selenium-support-2.48.2.jar:/Users/jnoronha/.m2/repository/org/webbitserver/webbit/0.4.14/webbit-0.4.14.jar:/Users/jnoronha/.m2/repository/io/netty/netty/3.5.2.Final/netty-3.5.2.Final.jar:/Users/jnoronha/.m2/repository/org/seleniumhq/selenium/selenium-leg-rc/2.48.2/selenium-leg-rc-2.48.2.jar:/Users/jnoronha/.m2/repository/org/testng/testng/6.8/testng-6.8.jar:/Users/jnoronha/.m2/repository/org/beanshell/bsh/2.0b4/bsh-2.0b4.jar:/Users/jnoronha/.m2/repository/com/beust/jcommander/1.27/jcommander-1.27.jar:/Users/jnoronha/.m2/repository/org/yaml/snakeyaml/1.6/snakeyaml-1.6.jar:/Users/jnoronha/.m2/repository/com/backendless/backendless/3.0.20.1/backendless-3.0.20.1.jar:"/>
    <property name="java.specification.name" value="Java Platform API Specification"/>
    <property name="java.class.version" value="52.0"/>
    <property name="sun.management.compiler" value="HotSpot 64-Bit Tiered Compilers"/>
    <property name="os.version" value="10.13.4"/>
    <property name="user.home" value="/Users/jnoronha"/>
    <property name="user.timezone" value="Asia/Kolkata"/>
    <property name="java.awt.printerjob" value="sun.lwawt.macosx.CPrinterJob"/>
    <property name="java.specification.version" value="1.8"/>
    <property name="file.encoding" value="UTF-8"/>
    <property name="user.name" value="jnoronha"/>
    <property name="java.class.path" value="/Users/jnoronha/Documents/FieldableAutomation/target/test-classes:/Users/jnoronha/Documents/FieldableAutomation/target/classes:/Users/jnoronha/.m2/repository/junit/junit/4.11/junit-4.11.jar:/Users/jnoronha/.m2/repository/org/hamcrest/hamcrest-core/1.3/hamcrest-core-1.3.jar:/Users/jnoronha/.m2/repository/joda-time/joda-time/2.2/joda-time-2.2.jar:/Users/jnoronha/.m2/repository/com/googlecode/json-simple/json-simple/1.1.1/json-simple-1.1.1.jar:/Users/jnoronha/.m2/repository/commons-lang/commons-lang/2.6/commons-lang-2.6.jar:/Users/jnoronha/.m2/repository/com/google/code/gson/gson/2.2.4/gson-2.2.4.jar:/Users/jnoronha/.m2/repository/io/appium/java-client/3.4.1/java-client-3.4.1.jar:/Users/jnoronha/.m2/repository/org/apache/httpcomponents/httpclient/4.5.2/httpclient-4.5.2.jar:/Users/jnoronha/.m2/repository/org/apache/httpcomponents/httpcore/4.4.4/httpcore-4.4.4.jar:/Users/jnoronha/.m2/repository/cglib/cglib/3.2.1/cglib-3.2.1.jar:/Users/jnoronha/.m2/repository/org/ow2/asm/asm/5.0.3/asm-5.0.3.jar:/Users/jnoronha/.m2/repository/org/apache/ant/ant/1.9.4/ant-1.9.4.jar:/Users/jnoronha/.m2/repository/org/apache/ant/ant-launcher/1.9.4/ant-launcher-1.9.4.jar:/Users/jnoronha/.m2/repository/commons-validator/commons-validator/1.5.0/commons-validator-1.5.0.jar:/Users/jnoronha/.m2/repository/commons-digester/commons-digester/1.8.1/commons-digester-1.8.1.jar:/Users/jnoronha/.m2/repository/org/apache/commons/commons-lang3/3.4/commons-lang3-3.4.jar:/Users/jnoronha/.m2/repository/com/jayway/restassured/rest-assured/2.3.4/rest-assured-2.3.4.jar:/Users/jnoronha/.m2/repository/org/codehaus/groovy/groovy/2.3.6/groovy-2.3.6.jar:/Users/jnoronha/.m2/repository/org/codehaus/groovy/groovy-xml/2.3.6/groovy-xml-2.3.6.jar:/Users/jnoronha/.m2/repository/org/apache/httpcomponents/httpmime/4.3.5/httpmime-4.3.5.jar:/Users/jnoronha/.m2/repository/org/hamcrest/hamcrest-library/1.3/hamcrest-library-1.3.jar:/Users/jnoronha/.m2/repository/org/ccil/cowan/tagsoup/tagsoup/1.2.1/tagsoup-1.2.1.jar:/Users/jnoronha/.m2/repository/com/jayway/restassured/json-path/2.3.4/json-path-2.3.4.jar:/Users/jnoronha/.m2/repository/org/codehaus/groovy/groovy-json/2.3.6/groovy-json-2.3.6.jar:/Users/jnoronha/.m2/repository/com/jayway/restassured/rest-assured-common/2.3.4/rest-assured-common-2.3.4.jar:/Users/jnoronha/.m2/repository/com/jayway/restassured/xml-path/2.3.4/xml-path-2.3.4.jar:/Users/jnoronha/.m2/repository/org/codehaus/groovy/groovy-all/2.3.5/groovy-all-2.3.5.jar:/Users/jnoronha/.m2/repository/org/json/json/20090211/json-20090211.jar:/Users/jnoronha/.m2/repository/commons-beanutils/commons-beanutils/1.9.2/commons-beanutils-1.9.2.jar:/Users/jnoronha/.m2/repository/commons-logging/commons-logging/1.1.1/commons-logging-1.1.1.jar:/Users/jnoronha/.m2/repository/com/google/guava/guava/17.0/guava-17.0.jar:/Users/jnoronha/.m2/repository/org/eclipse/jgit/org.eclipse.jgit/4.3.0.201604071810-r/org.eclipse.jgit-4.3.0.201604071810-r.jar:/Users/jnoronha/.m2/repository/com/jcraft/jsch/0.1.53/jsch-0.1.53.jar:/Users/jnoronha/.m2/repository/com/googlecode/javaewah/JavaEWAH/0.7.9/JavaEWAH-0.7.9.jar:/Users/jnoronha/.m2/repository/org/slf4j/slf4j-api/1.7.2/slf4j-api-1.7.2.jar:/Users/jnoronha/.m2/repository/com/fasterxml/jackson/core/jackson-databind/2.3.0/jackson-databind-2.3.0.jar:/Users/jnoronha/.m2/repository/com/fasterxml/jackson/core/jackson-annotations/2.3.0/jackson-annotations-2.3.0.jar:/Users/jnoronha/.m2/repository/com/fasterxml/jackson/core/jackson-core/2.3.0/jackson-core-2.3.0.jar:/Users/jnoronha/.m2/repository/net/sourceforge/htmlunit/htmlunit/2.15/htmlunit-2.15.jar:/Users/jnoronha/.m2/repository/xalan/xalan/2.7.1/xalan-2.7.1.jar:/Users/jnoronha/.m2/repository/xalan/serializer/2.7.1/serializer-2.7.1.jar:/Users/jnoronha/.m2/repository/commons-codec/commons-codec/1.9/commons-codec-1.9.jar:/Users/jnoronha/.m2/repository/net/sourceforge/htmlunit/htmlunit-core-js/2.15/htmlunit-core-js-2.15.jar:/Users/jnoronha/.m2/repository/xerces/xercesImpl/2.11.0/xercesImpl-2.11.0.jar:/Users/jnoronha/.m2/repository/xml-apis/xml-apis/1.4.01/xml-apis-1.4.01.jar:/Users/jnoronha/.m2/repository/net/sourceforge/nekohtml/nekohtml/1.9.21/nekohtml-1.9.21.jar:/Users/jnoronha/.m2/repository/net/sourceforge/cssparser/cssparser/0.9.14/cssparser-0.9.14.jar:/Users/jnoronha/.m2/repository/org/w3c/css/sac/1.3/sac-1.3.jar:/Users/jnoronha/.m2/repository/commons-io/commons-io/2.4/commons-io-2.4.jar:/Users/jnoronha/.m2/repository/org/eclipse/jetty/jetty-websocket/8.1.15.v20140411/jetty-websocket-8.1.15.v20140411.jar:/Users/jnoronha/.m2/repository/org/eclipse/jetty/jetty-util/8.1.15.v20140411/jetty-util-8.1.15.v20140411.jar:/Users/jnoronha/.m2/repository/org/eclipse/jetty/jetty-io/8.1.15.v20140411/jetty-io-8.1.15.v20140411.jar:/Users/jnoronha/.m2/repository/org/eclipse/jetty/jetty-http/8.1.15.v20140411/jetty-http-8.1.15.v20140411.jar:/Users/jnoronha/.m2/repository/javax/json/javax.json-api/1.0/javax.json-api-1.0.jar:/Users/jnoronha/.m2/repository/com/relevantcodes/extentreports/2.41.1/extentreports-2.41.1.jar:/Users/jnoronha/.m2/repository/org/jsoup/jsoup/1.8.3/jsoup-1.8.3.jar:/Users/jnoronha/.m2/repository/org/xerial/sqlite-jdbc/3.8.11.1/sqlite-jdbc-3.8.11.1.jar:/Users/jnoronha/.m2/repository/org/freemarker/freemarker/2.3.23/freemarker-2.3.23.jar:/Users/jnoronha/.m2/repository/org/mongodb/mongodb-driver/3.0.4/mongodb-driver-3.0.4.jar:/Users/jnoronha/.m2/repository/org/mongodb/bson/3.0.4/bson-3.0.4.jar:/Users/jnoronha/.m2/repository/org/mongodb/mongodb-driver-core/3.0.4/mongodb-driver-core-3.0.4.jar:/Users/jnoronha/.m2/repository/net/sourceforge/javacsv/javacsv/2.0/javacsv-2.0.jar:/Users/jnoronha/.m2/repository/org/apache/commons/commons-configuration2/2.1/commons-configuration2-2.1.jar:/Users/jnoronha/.m2/repository/commons-configuration/commons-configuration/1.10/commons-configuration-1.10.jar:/Users/jnoronha/.m2/repository/commons-collections/commons-collections/3.2.1/commons-collections-3.2.1.jar:/Users/jnoronha/.m2/repository/org/seleniumhq/selenium/selenium-java/2.48.2/selenium-java-2.48.2.jar:/Users/jnoronha/.m2/repository/org/seleniumhq/selenium/selenium-chrome-driver/2.48.2/selenium-chrome-driver-2.48.2.jar:/Users/jnoronha/.m2/repository/org/seleniumhq/selenium/selenium-remote-driver/2.48.2/selenium-remote-driver-2.48.2.jar:/Users/jnoronha/.m2/repository/cglib/cglib-nodep/2.1_3/cglib-nodep-2.1_3.jar:/Users/jnoronha/.m2/repository/org/seleniumhq/selenium/selenium-api/2.48.2/selenium-api-2.48.2.jar:/Users/jnoronha/.m2/repository/org/seleniumhq/selenium/selenium-edge-driver/2.48.2/selenium-edge-driver-2.48.2.jar:/Users/jnoronha/.m2/repository/org/apache/commons/commons-exec/1.3/commons-exec-1.3.jar:/Users/jnoronha/.m2/repository/org/seleniumhq/selenium/selenium-htmlunit-driver/2.48.2/selenium-htmlunit-driver-2.48.2.jar:/Users/jnoronha/.m2/repository/org/seleniumhq/selenium/selenium-firefox-driver/2.48.2/selenium-firefox-driver-2.48.2.jar:/Users/jnoronha/.m2/repository/org/seleniumhq/selenium/selenium-ie-driver/2.48.2/selenium-ie-driver-2.48.2.jar:/Users/jnoronha/.m2/repository/net/java/dev/jna/jna/4.1.0/jna-4.1.0.jar:/Users/jnoronha/.m2/repository/net/java/dev/jna/jna-platform/4.1.0/jna-platform-4.1.0.jar:/Users/jnoronha/.m2/repository/org/seleniumhq/selenium/selenium-safari-driver/2.48.2/selenium-safari-driver-2.48.2.jar:/Users/jnoronha/.m2/repository/org/seleniumhq/selenium/selenium-support/2.48.2/selenium-support-2.48.2.jar:/Users/jnoronha/.m2/repository/org/webbitserver/webbit/0.4.14/webbit-0.4.14.jar:/Users/jnoronha/.m2/repository/io/netty/netty/3.5.2.Final/netty-3.5.2.Final.jar:/Users/jnoronha/.m2/repository/org/seleniumhq/selenium/selenium-leg-rc/2.48.2/selenium-leg-rc-2.48.2.jar:/Users/jnoronha/.m2/repository/org/testng/testng/6.8/testng-6.8.jar:/Users/jnoronha/.m2/repository/org/beanshell/bsh/2.0b4/bsh-2.0b4.jar:/Users/jnoronha/.m2/repository/com/beust/jcommander/1.27/jcommander-1.27.jar:/Users/jnoronha/.m2/repository/org/yaml/snakeyaml/1.6/snakeyaml-1.6.jar:/Users/jnoronha/.m2/repository/com/backendless/backendless/3.0.20.1/backendless-3.0.20.1.jar:"/>
    <property name="java.vm.specification.version" value="1.8"/>
    <property name="sun.arch.data.model" value="64"/>
    <property name="java.home" value="/Users/jnoronha/.jenkins/tools/hudson.model.JDK/jre"/>
    <property name="sun.java.command" value="/var/folders/vw/5j32wvtx2s90_y_6jy2yjjcc0000gq/T/surefirebooter1863100569473488838.jar /var/folders/vw/5j32wvtx2s90_y_6jy2yjjcc0000gq/T/surefire6542105818739841496tmp /var/folders/vw/5j32wvtx2s90_y_6jy2yjjcc0000gq/T/surefire5090644591757765963tmp"/>
    <property name="java.specification.vendor" value="Oracle Corporation"/>
    <property name="user.language" value="en"/>
    <property name="awt.toolkit" value="sun.lwawt.macosx.LWCToolkit"/>
    <property name="java.vm.info" value="mixed mode"/>
    <property name="java.version" value="1.8.0_162"/>
    <property name="java.ext.dirs" value="/Users/jnoronha/Library/Java/Extensions:/Users/jnoronha/.jenkins/tools/hudson.model.JDK/jre/lib/ext:/Library/Java/Extensions:/Network/Library/Java/Extensions:/System/Library/Java/Extensions:/usr/lib/java"/>
    <property name="sun.boot.class.path" value="/Users/jnoronha/.jenkins/tools/hudson.model.JDK/jre/lib/resources.jar:/Users/jnoronha/.jenkins/tools/hudson.model.JDK/jre/lib/rt.jar:/Users/jnoronha/.jenkins/tools/hudson.model.JDK/jre/lib/sunrsasign.jar:/Users/jnoronha/.jenkins/tools/hudson.model.JDK/jre/lib/jsse.jar:/Users/jnoronha/.jenkins/tools/hudson.model.JDK/jre/lib/jce.jar:/Users/jnoronha/.jenkins/tools/hudson.model.JDK/jre/lib/charsets.jar:/Users/jnoronha/.jenkins/tools/hudson.model.JDK/jre/lib/jfr.jar:/Users/jnoronha/.jenkins/tools/hudson.model.JDK/jre/classes"/>
    <property name="java.vendor" value="Oracle Corporation"/>
    <property name="localRepository" value="/Users/jnoronha/.m2/repository"/>
    <property name="file.separator" value="/"/>
    <property name="java.vendor.url.bug" value="http://bugreport.sun.com/bugreport/"/>
    <property name="sun.cpu.endian" value="little"/>
    <property name="sun.io.unicode.encoding" value="UnicodeBig"/>
    <property name="sun.cpu.isalist" value=""/>
  </properties>
  <testcase classname="automation.Tests.CreateAccountScreenDetails" name="test" time="79.404"/>
</testsuite>