<?xml version="1.0" encoding="UTF-8"?>
<!-- Generated by org.testng.reporters.JUnitReportReporter -->
<testsuite hostname="Joes-Mac.local" name="automation.Tests.CreateAccountScreenDetails" tests="1" failures="0" timestamp="5 Jul 2018 07:21:04 GMT" time="79.402" errors="0">
  <testcase name="test" time="79.402" classname="automation.Tests.CreateAccountScreenDetails"/>
</testsuite> <!-- automation.Tests.CreateAccountScreenDetails -->
